<?xml version="1.0" encoding="UTF-8"?>
<testng-results ignored="0" total="4" passed="1" failed="3" skipped="0">
  <reporter-output>
  </reporter-output>
  <suite started-at="2025-08-21T15:18:06 IST" name="Default suite" finished-at="2025-08-21T15:18:17 IST" duration-ms="10606">
    <groups>
    </groups>
    <test started-at="2025-08-21T15:18:06 IST" name="Default test" finished-at="2025-08-21T15:18:17 IST" duration-ms="10606">
      <class name="testscript.Logintest">
        <test-method is-config="true" signature="initializeBrowser()[pri:0, instance:testscript.Logintest@272113c4]" started-at="2025-08-21T15:18:06 IST" name="initializeBrowser" finished-at="2025-08-21T15:18:09 IST" duration-ms="2571" status="PASS">
          <reporter-output>
          </reporter-output>
        </test-method> <!-- initializeBrowser -->
        <test-method signature="verifyuserloginwithinvalidcreds()[pri:0, instance:testscript.Logintest@272113c4]" started-at="2025-08-21T15:18:09 IST" name="verifyuserloginwithinvalidcreds" finished-at="2025-08-21T15:18:09 IST" duration-ms="403" status="FAIL">
          <exception class="java.lang.IllegalMonitorStateException">
            <message>
              <![CDATA[current thread is not owner]]>
            </message>
            <full-stacktrace>
              <![CDATA[java.lang.IllegalMonitorStateException: current thread is not owner
at java.base/java.lang.Object.wait(Native Method)
at testscript.Logintest.verifyuserloginwithinvalidcreds(Logintest.java:54)
at java.base/jdk.internal.reflect.NativeMethodAccessorImpl.invoke0(Native Method)
at java.base/jdk.internal.reflect.NativeMethodAccessorImpl.invoke(NativeMethodAccessorImpl.java:77)
at java.base/jdk.internal.reflect.DelegatingMethodAccessorImpl.invoke(DelegatingMethodAccessorImpl.java:43)
at java.base/java.lang.reflect.Method.invoke(Method.java:568)
at org.testng.internal.invokers.MethodInvocationHelper.invokeMethod(MethodInvocationHelper.java:141)
at org.testng.internal.invokers.TestInvoker.invokeMethod(TestInvoker.java:686)
at org.testng.internal.invokers.TestInvoker.invokeTestMethod(TestInvoker.java:230)
at org.testng.internal.invokers.MethodRunner.runInSequence(MethodRunner.java:63)
at org.testng.internal.invokers.TestInvoker$MethodInvocationAgent.invoke(TestInvoker.java:992)
at org.testng.internal.invokers.TestInvoker.invokeTestMethods(TestInvoker.java:203)
at org.testng.internal.invokers.TestMethodWorker.invokeTestMethods(TestMethodWorker.java:154)
at org.testng.internal.invokers.TestMethodWorker.run(TestMethodWorker.java:134)
at java.base/java.util.ArrayList.forEach(ArrayList.java:1511)
at org.testng.TestRunner.privateRun(TestRunner.java:739)
at org.testng.TestRunner.run(TestRunner.java:614)
at org.testng.SuiteRunner.runTest(SuiteRunner.java:421)
at org.testng.SuiteRunner.runSequentially(SuiteRunner.java:413)
at org.testng.SuiteRunner.privateRun(SuiteRunner.java:373)
at org.testng.SuiteRunner.run(SuiteRunner.java:312)
at org.testng.SuiteRunnerWorker.runSuite(SuiteRunnerWorker.java:52)
at org.testng.SuiteRunnerWorker.run(SuiteRunnerWorker.java:95)
at org.testng.TestNG.runSuitesSequentially(TestNG.java:1274)
at org.testng.TestNG.runSuitesLocally(TestNG.java:1208)
at org.testng.TestNG.runSuites(TestNG.java:1112)
at org.testng.TestNG.run(TestNG.java:1079)
at org.testng.remote.AbstractRemoteTestNG.run(AbstractRemoteTestNG.java:115)
at org.testng.remote.RemoteTestNG.initAndRun(RemoteTestNG.java:293)
at org.testng.remote.RemoteTestNG.main(RemoteTestNG.java:91)
]]>
            </full-stacktrace>
          </exception> <!-- java.lang.IllegalMonitorStateException -->
          <reporter-output>
          </reporter-output>
        </test-method> <!-- verifyuserloginwithinvalidcreds -->
        <test-method is-config="true" signature="closeandquit()[pri:0, instance:testscript.Logintest@272113c4]" started-at="2025-08-21T15:18:09 IST" name="closeandquit" finished-at="2025-08-21T15:18:09 IST" duration-ms="171" status="PASS">
          <reporter-output>
          </reporter-output>
        </test-method> <!-- closeandquit -->
        <test-method is-config="true" signature="initializeBrowser()[pri:0, instance:testscript.Logintest@272113c4]" started-at="2025-08-21T15:18:09 IST" name="initializeBrowser" finished-at="2025-08-21T15:18:11 IST" duration-ms="1584" status="PASS">
          <reporter-output>
          </reporter-output>
        </test-method> <!-- initializeBrowser -->
        <test-method signature="verifyuserloginwithinvalidpassword()[pri:0, instance:testscript.Logintest@272113c4]" started-at="2025-08-21T15:18:11 IST" name="verifyuserloginwithinvalidpassword" finished-at="2025-08-21T15:18:11 IST" duration-ms="427" status="FAIL">
          <exception class="java.lang.IllegalMonitorStateException">
            <message>
              <![CDATA[current thread is not owner]]>
            </message>
            <full-stacktrace>
              <![CDATA[java.lang.IllegalMonitorStateException: current thread is not owner
at java.base/java.lang.Object.wait(Native Method)
at testscript.Logintest.verifyuserloginwithinvalidpassword(Logintest.java:31)
at java.base/jdk.internal.reflect.NativeMethodAccessorImpl.invoke0(Native Method)
at java.base/jdk.internal.reflect.NativeMethodAccessorImpl.invoke(NativeMethodAccessorImpl.java:77)
at java.base/jdk.internal.reflect.DelegatingMethodAccessorImpl.invoke(DelegatingMethodAccessorImpl.java:43)
at java.base/java.lang.reflect.Method.invoke(Method.java:568)
at org.testng.internal.invokers.MethodInvocationHelper.invokeMethod(MethodInvocationHelper.java:141)
at org.testng.internal.invokers.TestInvoker.invokeMethod(TestInvoker.java:686)
at org.testng.internal.invokers.TestInvoker.invokeTestMethod(TestInvoker.java:230)
at org.testng.internal.invokers.MethodRunner.runInSequence(MethodRunner.java:63)
at org.testng.internal.invokers.TestInvoker$MethodInvocationAgent.invoke(TestInvoker.java:992)
at org.testng.internal.invokers.TestInvoker.invokeTestMethods(TestInvoker.java:203)
at org.testng.internal.invokers.TestMethodWorker.invokeTestMethods(TestMethodWorker.java:154)
at org.testng.internal.invokers.TestMethodWorker.run(TestMethodWorker.java:134)
at java.base/java.util.ArrayList.forEach(ArrayList.java:1511)
at org.testng.TestRunner.privateRun(TestRunner.java:739)
at org.testng.TestRunner.run(TestRunner.java:614)
at org.testng.SuiteRunner.runTest(SuiteRunner.java:421)
at org.testng.SuiteRunner.runSequentially(SuiteRunner.java:413)
at org.testng.SuiteRunner.privateRun(SuiteRunner.java:373)
at org.testng.SuiteRunner.run(SuiteRunner.java:312)
at org.testng.SuiteRunnerWorker.runSuite(SuiteRunnerWorker.java:52)
at org.testng.SuiteRunnerWorker.run(SuiteRunnerWorker.java:95)
at org.testng.TestNG.runSuitesSequentially(TestNG.java:1274)
at org.testng.TestNG.runSuitesLocally(TestNG.java:1208)
at org.testng.TestNG.runSuites(TestNG.java:1112)
at org.testng.TestNG.run(TestNG.java:1079)
at org.testng.remote.AbstractRemoteTestNG.run(AbstractRemoteTestNG.java:115)
at org.testng.remote.RemoteTestNG.initAndRun(RemoteTestNG.java:293)
at org.testng.remote.RemoteTestNG.main(RemoteTestNG.java:91)
]]>
            </full-stacktrace>
          </exception> <!-- java.lang.IllegalMonitorStateException -->
          <reporter-output>
          </reporter-output>
        </test-method> <!-- verifyuserloginwithinvalidpassword -->
        <test-method is-config="true" signature="closeandquit()[pri:0, instance:testscript.Logintest@272113c4]" started-at="2025-08-21T15:18:11 IST" name="closeandquit" finished-at="2025-08-21T15:18:11 IST" duration-ms="147" status="PASS">
          <reporter-output>
          </reporter-output>
        </test-method> <!-- closeandquit -->
        <test-method is-config="true" signature="initializeBrowser()[pri:0, instance:testscript.Logintest@272113c4]" started-at="2025-08-21T15:18:11 IST" name="initializeBrowser" finished-at="2025-08-21T15:18:13 IST" duration-ms="1741" status="PASS">
          <reporter-output>
          </reporter-output>
        </test-method> <!-- initializeBrowser -->
        <test-method signature="verifyuserloginwithinvalidusername()[pri:0, instance:testscript.Logintest@272113c4]" started-at="2025-08-21T15:18:13 IST" name="verifyuserloginwithinvalidusername" finished-at="2025-08-21T15:18:14 IST" duration-ms="397" status="FAIL">
          <exception class="java.lang.IllegalMonitorStateException">
            <message>
              <![CDATA[current thread is not owner]]>
            </message>
            <full-stacktrace>
              <![CDATA[java.lang.IllegalMonitorStateException: current thread is not owner
at java.base/java.lang.Object.wait(Native Method)
at testscript.Logintest.verifyuserloginwithinvalidusername(Logintest.java:43)
at java.base/jdk.internal.reflect.NativeMethodAccessorImpl.invoke0(Native Method)
at java.base/jdk.internal.reflect.NativeMethodAccessorImpl.invoke(NativeMethodAccessorImpl.java:77)
at java.base/jdk.internal.reflect.DelegatingMethodAccessorImpl.invoke(DelegatingMethodAccessorImpl.java:43)
at java.base/java.lang.reflect.Method.invoke(Method.java:568)
at org.testng.internal.invokers.MethodInvocationHelper.invokeMethod(MethodInvocationHelper.java:141)
at org.testng.internal.invokers.TestInvoker.invokeMethod(TestInvoker.java:686)
at org.testng.internal.invokers.TestInvoker.invokeTestMethod(TestInvoker.java:230)
at org.testng.internal.invokers.MethodRunner.runInSequence(MethodRunner.java:63)
at org.testng.internal.invokers.TestInvoker$MethodInvocationAgent.invoke(TestInvoker.java:992)
at org.testng.internal.invokers.TestInvoker.invokeTestMethods(TestInvoker.java:203)
at org.testng.internal.invokers.TestMethodWorker.invokeTestMethods(TestMethodWorker.java:154)
at org.testng.internal.invokers.TestMethodWorker.run(TestMethodWorker.java:134)
at java.base/java.util.ArrayList.forEach(ArrayList.java:1511)
at org.testng.TestRunner.privateRun(TestRunner.java:739)
at org.testng.TestRunner.run(TestRunner.java:614)
at org.testng.SuiteRunner.runTest(SuiteRunner.java:421)
at org.testng.SuiteRunner.runSequentially(SuiteRunner.java:413)
at org.testng.SuiteRunner.privateRun(SuiteRunner.java:373)
at org.testng.SuiteRunner.run(SuiteRunner.java:312)
at org.testng.SuiteRunnerWorker.runSuite(SuiteRunnerWorker.java:52)
at org.testng.SuiteRunnerWorker.run(SuiteRunnerWorker.java:95)
at org.testng.TestNG.runSuitesSequentially(TestNG.java:1274)
at org.testng.TestNG.runSuitesLocally(TestNG.java:1208)
at org.testng.TestNG.runSuites(TestNG.java:1112)
at org.testng.TestNG.run(TestNG.java:1079)
at org.testng.remote.AbstractRemoteTestNG.run(AbstractRemoteTestNG.java:115)
at org.testng.remote.RemoteTestNG.initAndRun(RemoteTestNG.java:293)
at org.testng.remote.RemoteTestNG.main(RemoteTestNG.java:91)
]]>
            </full-stacktrace>
          </exception> <!-- java.lang.IllegalMonitorStateException -->
          <reporter-output>
          </reporter-output>
        </test-method> <!-- verifyuserloginwithinvalidusername -->
        <test-method is-config="true" signature="closeandquit()[pri:0, instance:testscript.Logintest@272113c4]" started-at="2025-08-21T15:18:14 IST" name="closeandquit" finished-at="2025-08-21T15:18:14 IST" duration-ms="167" status="PASS">
          <reporter-output>
          </reporter-output>
        </test-method> <!-- closeandquit -->
        <test-method is-config="true" signature="initializeBrowser()[pri:0, instance:testscript.Logintest@272113c4]" started-at="2025-08-21T15:18:14 IST" name="initializeBrowser" finished-at="2025-08-21T15:18:15 IST" duration-ms="1591" status="PASS">
          <reporter-output>
          </reporter-output>
        </test-method> <!-- initializeBrowser -->
        <test-method signature="verifyuserloginwithvalidcredential()[pri:0, instance:testscript.Logintest@272113c4]" started-at="2025-08-21T15:18:15 IST" name="verifyuserloginwithvalidcredential" finished-at="2025-08-21T15:18:16 IST" duration-ms="1187" status="PASS">
          <reporter-output>
          </reporter-output>
        </test-method> <!-- verifyuserloginwithvalidcredential -->
        <test-method is-config="true" signature="closeandquit()[pri:0, instance:testscript.Logintest@272113c4]" started-at="2025-08-21T15:18:16 IST" name="closeandquit" finished-at="2025-08-21T15:18:17 IST" duration-ms="106" status="PASS">
          <reporter-output>
          </reporter-output>
        </test-method> <!-- closeandquit -->
      </class> <!-- testscript.Logintest -->
    </test> <!-- Default test -->
  </suite> <!-- Default suite -->
</testng-results>
